<?xml version="1.0" encoding="UTF-8"?>
<!-- Generated by org.testng.reporters.JUnitReportReporter -->
<testsuite skipped="0" hostname="ddc5-l-602168D" name="com.accenture.goep.ValidatePDP.ProductValidationWithMethods" tests="1" failures="0" timestamp="11 May 2018 10:16:30 GMT" time="195.649" errors="0">
  <testcase name="start" time="195.649" classname="com.accenture.goep.ValidatePDP.ProductValidationWithMethods"/>
</testsuite> <!-- com.accenture.goep.ValidatePDP.ProductValidationWithMethods -->
